<?xml version="1.0" encoding="UTF-8"?>
<!-- Generated by org.testng.reporters.JUnitReportReporter -->
<testsuite skipped="0" hostname="IN5CD6391W77" name="com.fb.testng.Facebook_login" tests="1" failures="0" timestamp="08 Jul 2019 12:50:21 GMT" time="19.440" errors="0">
  <testcase name="Facebook_Login_Screen" time="19.440" classname="com.fb.testng.Facebook_login"/>
</testsuite> <!-- com.fb.testng.Facebook_login -->
